0 info it worked if it ends with ok
1 verbose cli [ '/usr/bin/node',
1 verbose cli   '/usr/local/bin/npm',
1 verbose cli   'i',
1 verbose cli   'grunt-contric-jscs',
1 verbose cli   '--save-dev' ]
2 info using npm@1.4.28
3 info using node@v0.10.33
4 verbose node symlink /usr/bin/node
5 warn package.json argv@0.0.2 No repository field.
6 warn package.json assert@1.1.0 assert is also the name of a node core module.
7 verbose readDependencies using package.json deps
8 verbose cache add [ 'grunt-contric-jscs', null ]
9 verbose cache add name=undefined spec="grunt-contric-jscs" args=["grunt-contric-jscs",null]
10 verbose parsed url { protocol: null,
10 verbose parsed url   slashes: null,
10 verbose parsed url   auth: null,
10 verbose parsed url   host: null,
10 verbose parsed url   port: null,
10 verbose parsed url   hostname: null,
10 verbose parsed url   hash: null,
10 verbose parsed url   search: null,
10 verbose parsed url   query: null,
10 verbose parsed url   pathname: 'grunt-contric-jscs',
10 verbose parsed url   path: 'grunt-contric-jscs',
10 verbose parsed url   href: 'grunt-contric-jscs' }
11 silly lockFile 08bdf705-grunt-contric-jscs grunt-contric-jscs
12 verbose lock grunt-contric-jscs /home/sheiko/.npm/08bdf705-grunt-contric-jscs.lock
13 silly lockFile 08bdf705-grunt-contric-jscs grunt-contric-jscs
14 silly lockFile 08bdf705-grunt-contric-jscs grunt-contric-jscs
15 verbose addNamed [ 'grunt-contric-jscs', '' ]
16 verbose addNamed [ null, '*' ]
17 silly lockFile 36b967d0-grunt-contric-jscs grunt-contric-jscs@
18 verbose lock grunt-contric-jscs@ /home/sheiko/.npm/36b967d0-grunt-contric-jscs.lock
19 silly addNameRange { name: 'grunt-contric-jscs', range: '*', hasData: false }
20 verbose request where is /grunt-contric-jscs
21 verbose request registry https://registry.npmjs.org/
22 verbose request id 7d601be4460c052f
23 verbose url raw /grunt-contric-jscs
24 verbose url resolving [ 'https://registry.npmjs.org/', './grunt-contric-jscs' ]
25 verbose url resolved https://registry.npmjs.org/grunt-contric-jscs
26 verbose request where is https://registry.npmjs.org/grunt-contric-jscs
27 info trying registry request attempt 1 at 18:43:06
28 http GET https://registry.npmjs.org/grunt-contric-jscs
29 http 404 https://registry.npmjs.org/grunt-contric-jscs
30 verbose headers { date: 'Mon, 02 Mar 2015 17:43:23 GMT',
30 verbose headers   server: 'CouchDB/1.5.0 (Erlang OTP/R16B03)',
30 verbose headers   'content-type': 'application/json',
30 verbose headers   'cache-control': 'max-age=0',
30 verbose headers   'content-length': '52',
30 verbose headers   'accept-ranges': 'bytes',
30 verbose headers   via: '1.1 varnish',
30 verbose headers   age: '0',
30 verbose headers   'x-served-by': 'cache-lcy1132-LCY',
30 verbose headers   'x-cache': 'MISS',
30 verbose headers   'x-cache-hits': '0',
30 verbose headers   'x-timer': 'S1425318203.363761,VS0,VE617',
30 verbose headers   'keep-alive': 'timeout=10, max=50',
30 verbose headers   connection: 'Keep-Alive' }
31 silly registry.get cb [ 404,
31 silly registry.get   { date: 'Mon, 02 Mar 2015 17:43:23 GMT',
31 silly registry.get     server: 'CouchDB/1.5.0 (Erlang OTP/R16B03)',
31 silly registry.get     'content-type': 'application/json',
31 silly registry.get     'cache-control': 'max-age=0',
31 silly registry.get     'content-length': '52',
31 silly registry.get     'accept-ranges': 'bytes',
31 silly registry.get     via: '1.1 varnish',
31 silly registry.get     age: '0',
31 silly registry.get     'x-served-by': 'cache-lcy1132-LCY',
31 silly registry.get     'x-cache': 'MISS',
31 silly registry.get     'x-cache-hits': '0',
31 silly registry.get     'x-timer': 'S1425318203.363761,VS0,VE617',
31 silly registry.get     'keep-alive': 'timeout=10, max=50',
31 silly registry.get     connection: 'Keep-Alive' } ]
32 silly lockFile 36b967d0-grunt-contric-jscs grunt-contric-jscs@
33 silly lockFile 36b967d0-grunt-contric-jscs grunt-contric-jscs@
34 error 404 404 Not Found: grunt-contric-jscs
34 error 404
34 error 404 'grunt-contric-jscs' is not in the npm registry.
34 error 404 You should bug the author to publish it
34 error 404 It was specified as a dependency of 'cjsc'
34 error 404
34 error 404 Note that you can also install from a
34 error 404 tarball, folder, or http url, or git url.
35 error System Linux 2.6.32-46-server
36 error command "/usr/bin/node" "/usr/local/bin/npm" "i" "grunt-contric-jscs" "--save-dev"
37 error cwd /repositories/home/sheiko/vhosts/os.htdocs/cjsc
38 error node -v v0.10.33
39 error npm -v 1.4.28
40 error code E404
41 verbose exit [ 1, true ]
